# JRE version: Java(TM) SE Runtime Environment (8.0_91-b15) (build 1.8.0_91-b15)
# Java VM: Java HotSpot(TM) 64-Bit Server VM (25.91-b15 mixed mode windows-amd64 compressed oops)
Heap:
 PSYoungGen      total 51712K, used 13941K [0x0000000780980000, 0x0000000784800000, 0x00000007c0000000)
  eden space 47616K, 20% used [0x0000000780980000,0x000000078131fd50,0x0000000783800000)
  from space 4096K, 99% used [0x0000000783800000,0x0000000783bfd820,0x0000000783c00000)
  to   space 5632K, 0% used [0x0000000784280000,0x0000000784280000,0x0000000784800000)
 ParOldGen       total 184320K, used 33009K [0x0000000701c00000, 0x000000070d000000, 0x0000000780980000)
  object space 184320K, 17% used [0x0000000701c00000,0x0000000703c3c7d0,0x000000070d000000)
 Metaspace       used 66733K, capacity 70650K, committed 70872K, reserved 1110016K
  class space    used 9488K, capacity 10159K, committed 10240K, reserved 1048576K
GC Heap History (10 events):
Event: 19907.776 GC heap before
{Heap before GC invocations=169 (full 4):
 PSYoungGen      total 44544K, used 44032K [0x0000000780980000, 0x0000000783880000, 0x00000007c0000000)
  eden space 44032K, 100% used [0x0000000780980000,0x0000000783480000,0x0000000783480000)
  from space 512K, 0% used [0x0000000783800000,0x0000000783800000,0x0000000783880000)
  to   space 1024K, 0% used [0x0000000783680000,0x0000000783680000,0x0000000783780000)
 ParOldGen       total 184320K, used 26202K [0x0000000701c00000, 0x000000070d000000, 0x0000000780980000)
  object space 184320K, 14% used [0x0000000701c00000,0x0000000703596a80,0x000000070d000000)
 Metaspace       used 66017K, capacity 69532K, committed 70232K, reserved 1110016K
  class space    used 9385K, capacity 10001K, committed 10112K, reserved 1048576K
Event: 19907.787 GC heap after
Heap after GC invocations=169 (full 4):
 PSYoungGen      total 45568K, used 1024K [0x0000000780980000, 0x0000000783880000, 0x00000007c0000000)
  eden space 44544K, 0% used [0x0000000780980000,0x0000000780980000,0x0000000783500000)
  from space 1024K, 100% used [0x0000000783680000,0x0000000783780000,0x0000000783780000)
  to   space 1024K, 0% used [0x0000000783780000,0x0000000783780000,0x0000000783880000)
 ParOldGen       total 184320K, used 27281K [0x0000000701c00000, 0x000000070d000000, 0x0000000780980000)
  object space 184320K, 14% used [0x0000000701c00000,0x00000007036a4750,0x000000070d000000)
 Metaspace       used 66017K, capacity 69532K, committed 70232K, reserved 1110016K
  class space    used 9385K, capacity 10001K, committed 10112K, reserved 1048576K
}
Event: 19908.331 GC heap before
{Heap before GC invocations=170 (full 4):
 PSYoungGen      total 45568K, used 45568K [0x0000000780980000, 0x0000000783880000, 0x00000007c0000000)
  eden space 44544K, 100% used [0x0000000780980000,0x0000000783500000,0x0000000783500000)
  from space 1024K, 100% used [0x0000000783680000,0x0000000783780000,0x0000000783780000)
  to   space 1024K, 0% used [0x0000000783780000,0x0000000783780000,0x0000000783880000)
 ParOldGen       total 184320K, used 27281K [0x0000000701c00000, 0x000000070d000000, 0x0000000780980000)
  object space 184320K, 14% used [0x0000000701c00000,0x00000007036a4750,0x000000070d000000)
 Metaspace       used 66133K, capacity 69700K, committed 70360K, reserved 1110016K
  class space    used 9414K, capacity 10050K, committed 10240K, reserved 1048576K
Event: 19908.342 GC heap after
Heap after GC invocations=170 (full 4):
 PSYoungGen      total 45568K, used 1024K [0x0000000780980000, 0x0000000783d00000, 0x00000007c0000000)
  eden space 44544K, 0% used [0x0000000780980000,0x0000000780980000,0x0000000783500000)
  from space 1024K, 100% used [0x0000000783780000,0x0000000783880000,0x0000000783880000)
  to   space 2560K, 0% used [0x0000000783500000,0x0000000783500000,0x0000000783780000)
 ParOldGen       total 184320K, used 29659K [0x0000000701c00000, 0x000000070d000000, 0x0000000780980000)
  object space 184320K, 16% used [0x0000000701c00000,0x00000007038f6d70,0x000000070d000000)
 Metaspace       used 66133K, capacity 69700K, committed 70360K, reserved 1110016K
  class space    used 9414K, capacity 10050K, committed 10240K, reserved 1048576K
}
Event: 19908.983 GC heap before
{Heap before GC invocations=171 (full 4):
 PSYoungGen      total 45568K, used 45568K [0x0000000780980000, 0x0000000783d00000, 0x00000007c0000000)
  eden space 44544K, 100% used [0x0000000780980000,0x0000000783500000,0x0000000783500000)
  from space 1024K, 100% used [0x0000000783780000,0x0000000783880000,0x0000000783880000)
  to   space 2560K, 0% used [0x0000000783500000,0x0000000783500000,0x0000000783780000)
 ParOldGen       total 184320K, used 29659K [0x0000000701c00000, 0x000000070d000000, 0x0000000780980000)
  object space 184320K, 16% used [0x0000000701c00000,0x00000007038f6d70,0x000000070d000000)
 Metaspace       used 66241K, capacity 69920K, committed 70360K, reserved 1110016K
  class space    used 9432K, capacity 10076K, committed 10240K, reserved 1048576K
Event: 19908.993 GC heap after
Heap after GC invocations=171 (full 4):
 PSYoungGen      total 47104K, used 2547K [0x0000000780980000, 0x0000000783f80000, 0x00000007c0000000)
  eden space 44544K, 0% used [0x0000000780980000,0x0000000780980000,0x0000000783500000)
  from space 2560K, 99% used [0x0000000783500000,0x000000078377ce08,0x0000000783780000)
  to   space 3584K, 0% used [0x0000000783c00000,0x0000000783c00000,0x0000000783f80000)
 ParOldGen       total 184320K, used 31021K [0x0000000701c00000, 0x000000070d000000, 0x0000000780980000)
  object space 184320K, 16% used [0x0000000701c00000,0x0000000703a4b540,0x000000070d000000)
 Metaspace       used 66241K, capacity 69920K, committed 70360K, reserved 1110016K
  class space    used 9432K, capacity 10076K, committed 10240K, reserved 1048576K
}
Event: 19909.162 GC heap before
{Heap before GC invocations=172 (full 4):
 PSYoungGen      total 47104K, used 47091K [0x0000000780980000, 0x0000000783f80000, 0x00000007c0000000)
  eden space 44544K, 100% used [0x0000000780980000,0x0000000783500000,0x0000000783500000)
  from space 2560K, 99% used [0x0000000783500000,0x000000078377ce08,0x0000000783780000)
  to   space 3584K, 0% used [0x0000000783c00000,0x0000000783c00000,0x0000000783f80000)
 ParOldGen       total 184320K, used 31021K [0x0000000701c00000, 0x000000070d000000, 0x0000000780980000)
  object space 184320K, 16% used [0x0000000701c00000,0x0000000703a4b540,0x000000070d000000)
 Metaspace       used 66241K, capacity 69920K, committed 70360K, reserved 1110016K
  class space    used 9432K, capacity 10076K, committed 10240K, reserved 1048576K
Event: 19909.170 GC heap after
Heap after GC invocations=172 (full 4):
 PSYoungGen      total 51200K, used 3291K [0x0000000780980000, 0x0000000784280000, 0x00000007c0000000)
  eden space 47616K, 0% used [0x0000000780980000,0x0000000780980000,0x0000000783800000)
  from space 3584K, 91% used [0x0000000783c00000,0x0000000783f36e00,0x0000000783f80000)
  to   space 4096K, 0% used [0x0000000783800000,0x0000000783800000,0x0000000783c00000)
 ParOldGen       total 184320K, used 31029K [0x0000000701c00000, 0x000000070d000000, 0x0000000780980000)
  object space 184320K, 16% used [0x0000000701c00000,0x0000000703a4d540,0x000000070d000000)
 Metaspace       used 66241K, capacity 69920K, committed 70360K, reserved 1110016K
  class space    used 9432K, capacity 10076K, committed 10240K, reserved 1048576K
}
Event: 19937.649 GC heap before
{Heap before GC invocations=173 (full 4):
 PSYoungGen      total 51200K, used 50907K [0x0000000780980000, 0x0000000784280000, 0x00000007c0000000)
  eden space 47616K, 100% used [0x0000000780980000,0x0000000783800000,0x0000000783800000)
  from space 3584K, 91% used [0x0000000783c00000,0x0000000783f36e00,0x0000000783f80000)
  to   space 4096K, 0% used [0x0000000783800000,0x0000000783800000,0x0000000783c00000)
 ParOldGen       total 184320K, used 31029K [0x0000000701c00000, 0x000000070d000000, 0x0000000780980000)
  object space 184320K, 16% used [0x0000000701c00000,0x0000000703a4d540,0x000000070d000000)
 Metaspace       used 66700K, capacity 70554K, committed 70872K, reserved 1110016K
  class space    used 9479K, capacity 10143K, committed 10240K, reserved 1048576K
Event: 19937.661 GC heap after
Heap after GC invocations=173 (full 4):
 PSYoungGen      total 51712K, used 4086K [0x0000000780980000, 0x0000000784800000, 0x00000007c0000000)
  eden space 47616K, 0% used [0x0000000780980000,0x0000000780980000,0x0000000783800000)
  from space 4096K, 99% used [0x0000000783800000,0x0000000783bfd820,0x0000000783c00000)
  to   space 5632K, 0% used [0x0000000784280000,0x0000000784280000,0x0000000784800000)
 ParOldGen       total 184320K, used 33009K [0x0000000701c00000, 0x000000070d000000, 0x0000000780980000)
  object space 184320K, 17% used [0x0000000701c00000,0x0000000703c3c7d0,0x000000070d000000)
 Metaspace       used 66700K, capacity 70554K, committed 70872K, reserved 1110016K
  class space    used 9479K, capacity 10143K, committed 10240K, reserved 1048576K
}

